<?xml version="1.0" encoding="UTF-8"?>
<testsuite xmlns:xsi="http://www.w3.org/2001/XMLSchema-instance" xsi:noNamespaceSchemaLocation="https://maven.apache.org/surefire/maven-surefire-plugin/xsd/surefire-test-report-3.0.xsd" version="3.0" name="NewEmptyJUnitTest" time="0.069" tests="3" errors="0" skipped="0" failures="0">
  <properties>
[...]
</properties>
  <testcase name="doTest" classname="NewEmptyJUnitTest" time="0.034">
    <system-out><![CDATA[test 1 finished...
]]></system-out>
  </testcase>
  <testcase name="doSecondTest" classname="NewEmptyJUnitTest" time="0.0">
    <system-out><![CDATA[test 2 finished...
]]></system-out>
  </testcase>
  <testcase name="doThirdTest" classname="NewEmptyJUnitTest" time="0.0">
    <system-out><![CDATA[test 3 finished
]]></system-out>
  </testcase>
</testsuite>